<?xml version="1.0" encoding="UTF-8"?>
<!-- Generated by org.testng.reporters.JUnitReportReporter -->
<testsuite skipped="0" hostname="LAPTOP-RBTLC724" name="com.qa.testscript.TC_BookMyShowSportsReg_01" tests="1" failures="0" timestamp="04 May 2021 07:41:39 GMT" time="34.992" errors="0">
  <testcase name="BookMyShowSportsRegPostive" time="34.992" classname="com.qa.testscript.TC_BookMyShowSportsReg_01"/>
</testsuite> <!-- com.qa.testscript.TC_BookMyShowSportsReg_01 -->
