<?xml version="1.0" encoding="UTF-8"?>
<!-- Generated by org.testng.reporters.JUnitReportReporter -->
<testsuite skipped="0" hostname="LAPTOP-RBTLC724" name="com.qa.testscript.TC_BookMyShowSportsReg_01" tests="1" failures="0" timestamp="2021-05-04T13:20:13 IST" time="37.153" errors="0">
  <testcase name="BookMyShowSportsRegPostive" time="37.153" classname="com.qa.testscript.TC_BookMyShowSportsReg_01"/>
  <system-out>
    <![CDATA[User has landed on payment page]]>
  </system-out>
</testsuite> <!-- com.qa.testscript.TC_BookMyShowSportsReg_01 -->
