<?xml version="1.0" encoding="UTF-8"?>
<!-- Generated by org.testng.reporters.JUnitReportReporter -->
<testsuite skipped="0" hostname="LAPTOP-RBTLC724" name="com.qa.testscript.TC_BookMyShowSportsReg_02" tests="1" failures="0" timestamp="2021-05-04T13:20:13 IST" time="33.420" errors="0">
  <testcase name="BookMyShowSportsRegNegative" time="33.420" classname="com.qa.testscript.TC_BookMyShowSportsReg_02"/>
  <system-out>
    <![CDATA[Error message displayed]]>
  </system-out>
</testsuite> <!-- com.qa.testscript.TC_BookMyShowSportsReg_02 -->
